<?xml version="1.0" encoding="UTF-8"?>
<!-- Generated by org.testng.reporters.JUnitReportReporter -->
<testsuite hostname="DrunkenHigh" failures="0" tests="3" name="dataProvidertest" time="0.010" errors="0" timestamp="2024-10-04T13:13:30 IST" skipped="0">
  <testcase classname="dataProvidertest" name="testdata" time="0.001"/>
  <system-out/>
  <testcase classname="dataProvidertest" name="testdata" time="0.001"/>
  <system-out/>
  <testcase classname="dataProvidertest" name="testdata" time="0.008"/>
  <system-out/>
</testsuite> <!-- dataProvidertest -->
