<?xml version="1.0" encoding="UTF-8"?>
<!-- Generated by org.testng.reporters.JUnitReportReporter -->
<testsuite hostname="DrunkenHigh" failures="0" tests="1" name="radioButton" time="11.080" errors="0" timestamp="2024-10-08T01:50:57 IST" skipped="0">
  <testcase classname="radioButton" name="clickRadiobtn" time="11.080"/>
  <system-out/>
</testsuite> <!-- radioButton -->
