<?xml version="1.0" encoding="UTF-8"?>
<!-- Generated by org.testng.reporters.JUnitReportReporter -->
<testsuite hostname="DrunkenHigh" failures="0" tests="1" name="calender" time="11.478" errors="0" timestamp="2024-10-07T15:28:12 IST" skipped="0">
  <testcase classname="calender" name="openCalendar" time="11.478"/>
  <system-out/>
</testsuite> <!-- calender -->
