<?xml version="1.0" encoding="UTF-8"?>
<!-- Generated by org.testng.reporters.JUnitReportReporter -->
<testsuite hostname="DrunkenHigh" failures="0" tests="3" name="myInfoData" time="0.024" errors="0" timestamp="2024-10-04T21:50:26 IST" skipped="0">
  <testcase classname="myInfoData" name="testcaseData" time="0.011"/>
  <system-out/>
  <testcase classname="myInfoData" name="testcaseData" time="0.007"/>
  <system-out/>
  <testcase classname="myInfoData" name="testcaseData" time="0.006"/>
  <system-out/>
</testsuite> <!-- myInfoData -->
