<?xml version="1.0" encoding="UTF-8"?>
<!-- Generated by org.testng.reporters.JUnitReportReporter -->
<testsuite hostname="DrunkenHigh" failures="0" tests="1" name="check" time="13.439" errors="0" timestamp="2024-10-06T15:15:32 IST" skipped="0">
  <testcase classname="check" name="openAmazon" time="13.439"/>
  <system-out/>
</testsuite> <!-- check -->
